2015-10-27 11:16:45 - PHP Warning:  sprintf() [<a href='function.sprintf'>function.sprintf</a>]: Too few arguments in /var/www/developer/data/www/t-leader.ru/alex/demo2101/catalog/controller/checkout/success.php on line 72
2015-10-27 11:21:12 - PHP Warning:  sprintf() [<a href='function.sprintf'>function.sprintf</a>]: Too few arguments in /var/www/developer/data/www/t-leader.ru/alex/demo2101/catalog/controller/checkout/success.php on line 72
2015-10-27 11:23:59 - PHP Notice:  Indirect modification of overloaded property ControllerCheckoutSuccess::$data has no effect in /var/www/developer/data/www/t-leader.ru/alex/demo2101/catalog/controller/checkout/success.php on line 72
2015-10-27 11:23:59 - PHP Notice:  Undefined variable: text_message in /var/www/developer/data/www/t-leader.ru/alex/demo2101/catalog/view/theme/default/template/common/success.tpl on line 18
2015-10-27 11:24:04 - PHP Notice:  Indirect modification of overloaded property ControllerCheckoutSuccess::$data has no effect in /var/www/developer/data/www/t-leader.ru/alex/demo2101/catalog/controller/checkout/success.php on line 72
2015-10-27 11:24:04 - PHP Notice:  Undefined variable: text_message in /var/www/developer/data/www/t-leader.ru/alex/demo2101/catalog/view/theme/default/template/common/success.tpl on line 18
2015-10-27 11:24:14 - PHP Warning:  sprintf() [<a href='function.sprintf'>function.sprintf</a>]: Too few arguments in /var/www/developer/data/www/t-leader.ru/alex/demo2101/catalog/controller/checkout/success.php on line 72
2015-10-27 11:27:21 - PHP Warning:  sprintf() [<a href='function.sprintf'>function.sprintf</a>]: Too few arguments in /var/www/developer/data/www/t-leader.ru/alex/demo2101/catalog/controller/checkout/success.php on line 72
2015-10-27 12:15:02 - PHP Warning:  sprintf() [<a href='function.sprintf'>function.sprintf</a>]: Too few arguments in /var/www/developer/data/www/t-leader.ru/alex/demo2101/catalog/controller/checkout/success.php on line 72
2015-10-27 12:21:08 - PHP Warning:  sprintf() [<a href='function.sprintf'>function.sprintf</a>]: Too few arguments in /var/www/developer/data/www/t-leader.ru/alex/demo2101/catalog/controller/checkout/success.php on line 72
2015-10-27 12:21:11 - PHP Warning:  sprintf() [<a href='function.sprintf'>function.sprintf</a>]: Too few arguments in /var/www/developer/data/www/t-leader.ru/alex/demo2101/catalog/controller/checkout/success.php on line 72
2015-10-27 12:22:02 - PHP Warning:  sprintf() [<a href='function.sprintf'>function.sprintf</a>]: Too few arguments in /var/www/developer/data/www/t-leader.ru/alex/demo2101/catalog/controller/checkout/success.php on line 72
2015-10-27 12:23:03 - PHP Notice:  Undefined variable: text_message in /var/www/developer/data/www/t-leader.ru/alex/demo2101/catalog/view/theme/default/template/common/success.tpl on line 18
2015-10-27 12:25:11 - PHP Notice:  Undefined variable: text_message in /var/www/developer/data/www/t-leader.ru/alex/demo2101/catalog/view/theme/default/template/common/success.tpl on line 18
2015-10-27 12:25:30 - PHP Notice:  Undefined variable: text_message in /var/www/developer/data/www/t-leader.ru/alex/demo2101/catalog/view/theme/default/template/common/success.tpl on line 18
2015-10-27 12:26:14 - PHP Notice:  Use of undefined constant php - assumed 'php' in /var/www/developer/data/www/t-leader.ru/alex/demo2101/catalog/view/theme/default/template/common/success.tpl on line 18
2015-10-27 12:28:45 - PHP Warning:  sprintf() [<a href='function.sprintf'>function.sprintf</a>]: Too few arguments in /var/www/developer/data/www/t-leader.ru/alex/demo2101/catalog/controller/account/success.php on line 32
2016-03-11 17:16:36 - PHP Notice:  Undefined variable: entry_paring_site in Z:\home\opcarts.org\www\admin\view\template\catalog\product_list.tpl on line 44
2016-03-11 17:16:36 - PHP Notice:  Undefined variable: entry_parsing_discount in Z:\home\opcarts.org\www\admin\view\template\catalog\product_list.tpl on line 50
2016-03-11 19:36:45 - PHP Warning:  include_once(simple_html_dom.php) [<a href='function.include-once'>function.include-once</a>]: failed to open stream: No such file or directory in Z:\home\opcarts.org\www\admin\view\template\catalog\product_list.tpl on line 1
2016-03-11 19:36:45 - PHP Warning:  include_once() [<a href='function.include'>function.include</a>]: Failed opening 'simple_html_dom.php' for inclusion (include_path='.;C:\php\pear') in Z:\home\opcarts.org\www\admin\view\template\catalog\product_list.tpl on line 1
2016-03-11 19:37:13 - PHP Warning:  include_once(./simple_html_dom.php) [<a href='function.include-once'>function.include-once</a>]: failed to open stream: No such file or directory in Z:\home\opcarts.org\www\admin\view\template\catalog\product_list.tpl on line 1
2016-03-11 19:37:13 - PHP Warning:  include_once() [<a href='function.include'>function.include</a>]: Failed opening './simple_html_dom.php' for inclusion (include_path='.;C:\php\pear') in Z:\home\opcarts.org\www\admin\view\template\catalog\product_list.tpl on line 1
2016-03-11 19:37:34 - PHP Warning:  include_once(Z:\home\opcarts.org\www\admin\view\template\catalogsimple_html_dom.php) [<a href='function.include-once'>function.include-once</a>]: failed to open stream: No such file or directory in Z:\home\opcarts.org\www\admin\view\template\catalog\product_list.tpl on line 1
2016-03-11 19:37:34 - PHP Warning:  include_once() [<a href='function.include'>function.include</a>]: Failed opening 'Z:\home\opcarts.org\www\admin\view\template\catalogsimple_html_dom.php' for inclusion (include_path='.;C:\php\pear') in Z:\home\opcarts.org\www\admin\view\template\catalog\product_list.tpl on line 1
2016-03-11 19:41:34 - PHP Warning:  include_once() [<a href='function.include-once'>function.include-once</a>]: http:// wrapper is disabled in the server configuration by allow_url_include=0 in Z:\home\opcarts.org\www\admin\view\template\catalog\product_list.tpl on line 1
2016-03-11 19:41:34 - PHP Warning:  include_once(http://opcarts.org/admin/simple_html_dom.php) [<a href='function.include-once'>function.include-once</a>]: failed to open stream: no suitable wrapper could be found in Z:\home\opcarts.org\www\admin\view\template\catalog\product_list.tpl on line 1
2016-03-11 19:41:34 - PHP Warning:  include_once() [<a href='function.include'>function.include</a>]: Failed opening 'http://opcarts.org/admin/simple_html_dom.php' for inclusion (include_path='.;C:\php\pear') in Z:\home\opcarts.org\www\admin\view\template\catalog\product_list.tpl on line 1
2016-03-11 19:41:51 - PHP Notice:  Undefined variable: HTTP_SERVER in Z:\home\opcarts.org\www\admin\view\template\catalog\product_list.tpl on line 1
2016-03-11 19:41:51 - PHP Warning:  include_once(/simple_html_dom.php) [<a href='function.include-once'>function.include-once</a>]: failed to open stream: No such file or directory in Z:\home\opcarts.org\www\admin\view\template\catalog\product_list.tpl on line 1
2016-03-11 19:41:51 - PHP Warning:  include_once() [<a href='function.include'>function.include</a>]: Failed opening '/simple_html_dom.php' for inclusion (include_path='.;C:\php\pear') in Z:\home\opcarts.org\www\admin\view\template\catalog\product_list.tpl on line 1
2016-03-11 19:43:53 - PHP Warning:  include_once() [<a href='function.include-once'>function.include-once</a>]: http:// wrapper is disabled in the server configuration by allow_url_include=0 in Z:\home\opcarts.org\www\admin\view\template\catalog\product_list.tpl on line 1
2016-03-11 19:43:53 - PHP Warning:  include_once(http://opcarts.org/admin//simple_html_dom.php) [<a href='function.include-once'>function.include-once</a>]: failed to open stream: no suitable wrapper could be found in Z:\home\opcarts.org\www\admin\view\template\catalog\product_list.tpl on line 1
2016-03-11 19:43:53 - PHP Warning:  include_once() [<a href='function.include'>function.include</a>]: Failed opening 'http://opcarts.org/admin//simple_html_dom.php' for inclusion (include_path='.;C:\php\pear') in Z:\home\opcarts.org\www\admin\view\template\catalog\product_list.tpl on line 1
2016-03-11 19:44:30 - PHP Warning:  include_once() [<a href='function.include-once'>function.include-once</a>]: http:// wrapper is disabled in the server configuration by allow_url_include=0 in Z:\home\opcarts.org\www\admin\view\template\catalog\product_list.tpl on line 1
2016-03-11 19:44:30 - PHP Warning:  include_once(http://opcarts.org/admin/simple_html_dom.php) [<a href='function.include-once'>function.include-once</a>]: failed to open stream: no suitable wrapper could be found in Z:\home\opcarts.org\www\admin\view\template\catalog\product_list.tpl on line 1
2016-03-11 19:44:30 - PHP Warning:  include_once() [<a href='function.include'>function.include</a>]: Failed opening 'http://opcarts.org/admin/simple_html_dom.php' for inclusion (include_path='.;C:\php\pear') in Z:\home\opcarts.org\www\admin\view\template\catalog\product_list.tpl on line 1
2016-03-11 19:45:12 - PHP Warning:  include_once() [<a href='function.include-once'>function.include-once</a>]: http:// wrapper is disabled in the server configuration by allow_url_include=0 in Z:\home\opcarts.org\www\admin\view\template\catalog\product_list.tpl on line 2
2016-03-11 19:45:12 - PHP Warning:  include_once(http://opcarts.org/admin/simple_html_dom.php) [<a href='function.include-once'>function.include-once</a>]: failed to open stream: no suitable wrapper could be found in Z:\home\opcarts.org\www\admin\view\template\catalog\product_list.tpl on line 2
2016-03-11 19:45:12 - PHP Warning:  include_once() [<a href='function.include'>function.include</a>]: Failed opening 'http://opcarts.org/admin/simple_html_dom.php' for inclusion (include_path='.;C:\php\pear') in Z:\home\opcarts.org\www\admin\view\template\catalog\product_list.tpl on line 2
2016-03-11 19:45:26 - PHP Warning:  include() [<a href='function.include'>function.include</a>]: http:// wrapper is disabled in the server configuration by allow_url_include=0 in Z:\home\opcarts.org\www\admin\view\template\catalog\product_list.tpl on line 2
2016-03-11 19:45:26 - PHP Warning:  include(http://opcarts.org/admin/simple_html_dom.php) [<a href='function.include'>function.include</a>]: failed to open stream: no suitable wrapper could be found in Z:\home\opcarts.org\www\admin\view\template\catalog\product_list.tpl on line 2
2016-03-11 19:45:26 - PHP Warning:  include() [<a href='function.include'>function.include</a>]: Failed opening 'http://opcarts.org/admin/simple_html_dom.php' for inclusion (include_path='.;C:\php\pear') in Z:\home\opcarts.org\www\admin\view\template\catalog\product_list.tpl on line 2
2016-03-11 20:06:55 - PHP Warning:  include() [<a href='function.include'>function.include</a>]: http:// wrapper is disabled in the server configuration by allow_url_include=0 in Z:\home\opcarts.org\www\admin\view\template\catalog\product_list.tpl on line 1
2016-03-11 20:06:55 - PHP Warning:  include(http://opcarts.org/simple_html_dom.php) [<a href='function.include'>function.include</a>]: failed to open stream: no suitable wrapper could be found in Z:\home\opcarts.org\www\admin\view\template\catalog\product_list.tpl on line 1
2016-03-11 20:06:55 - PHP Warning:  include() [<a href='function.include'>function.include</a>]: Failed opening 'http://opcarts.org/simple_html_dom.php' for inclusion (include_path='.;C:\php\pear') in Z:\home\opcarts.org\www\admin\view\template\catalog\product_list.tpl on line 1
2016-03-11 20:07:41 - PHP Warning:  include() [<a href='function.include'>function.include</a>]: http:// wrapper is disabled in the server configuration by allow_url_include=0 in Z:\home\opcarts.org\www\admin\view\template\catalog\product_list.tpl on line 1
2016-03-11 20:07:41 - PHP Warning:  include(http://opcarts.org/simple_html_dom.php) [<a href='function.include'>function.include</a>]: failed to open stream: no suitable wrapper could be found in Z:\home\opcarts.org\www\admin\view\template\catalog\product_list.tpl on line 1
2016-03-11 20:07:41 - PHP Warning:  include() [<a href='function.include'>function.include</a>]: Failed opening 'http://opcarts.org/simple_html_dom.php' for inclusion (include_path='.;C:\php\pear') in Z:\home\opcarts.org\www\admin\view\template\catalog\product_list.tpl on line 1
2016-03-11 20:11:38 - PHP Notice:  Undefined variable: base in Z:\home\opcarts.org\www\admin\view\template\catalog\product_list.tpl on line 1
2016-03-11 20:11:38 - PHP Warning:  include(simple_html_dom.php) [<a href='function.include'>function.include</a>]: failed to open stream: No such file or directory in Z:\home\opcarts.org\www\admin\view\template\catalog\product_list.tpl on line 1
2016-03-11 20:11:38 - PHP Warning:  include() [<a href='function.include'>function.include</a>]: Failed opening 'simple_html_dom.php' for inclusion (include_path='.;C:\php\pear') in Z:\home\opcarts.org\www\admin\view\template\catalog\product_list.tpl on line 1
2016-03-11 20:11:59 - PHP Notice:  Undefined variable: base in Z:\home\opcarts.org\www\admin\view\template\catalog\product_list.tpl on line 1
2016-03-11 20:11:59 - PHP Warning:  include(simple_html_dom.php) [<a href='function.include'>function.include</a>]: failed to open stream: No such file or directory in Z:\home\opcarts.org\www\admin\view\template\catalog\product_list.tpl on line 1
2016-03-11 20:11:59 - PHP Warning:  include() [<a href='function.include'>function.include</a>]: Failed opening 'simple_html_dom.php' for inclusion (include_path='.;C:\php\pear') in Z:\home\opcarts.org\www\admin\view\template\catalog\product_list.tpl on line 1
2016-03-11 20:18:08 - PHP Notice:  Use of undefined constant DIR - assumed 'DIR' in Z:\home\opcarts.org\www\admin\view\template\catalog\product_list.tpl on line 1
2016-03-11 20:18:08 - PHP Warning:  include(DIRsimple_html_dom.php) [<a href='function.include'>function.include</a>]: failed to open stream: No such file or directory in Z:\home\opcarts.org\www\admin\view\template\catalog\product_list.tpl on line 1
2016-03-11 20:18:08 - PHP Warning:  include() [<a href='function.include'>function.include</a>]: Failed opening 'DIRsimple_html_dom.php' for inclusion (include_path='.;C:\php\pear') in Z:\home\opcarts.org\www\admin\view\template\catalog\product_list.tpl on line 1
